execve("/usr/bin/iozone", ["iozone", "-i", "2", "-f", "/mnt/1", "-r", "128k", "-I", "-w", "-+n", "-s", "10m"], 0x7fffd8f945f8 /* 32 vars */) = 0
brk(NULL)                               = 0x558601adc000
access("/etc/ld.so.nohwcap", F_OK)      = -1 ENOENT (No such file or directory)
access("/etc/ld.so.preload", R_OK)      = -1 ENOENT (No such file or directory)
openat(AT_FDCWD, "/etc/ld.so.cache", O_RDONLY|O_CLOEXEC) = 3
fstat(3, {st_mode=S_IFREG|0644, st_size=85786, ...}) = 0
mmap(NULL, 85786, PROT_READ, MAP_PRIVATE, 3, 0) = 0x7f44a6692000
close(3)                                = 0
access("/etc/ld.so.nohwcap", F_OK)      = -1 ENOENT (No such file or directory)
openat(AT_FDCWD, "/lib/x86_64-linux-gnu/librt.so.1", O_RDONLY|O_CLOEXEC) = 3
read(3, "\177ELF\2\1\1\0\0\0\0\0\0\0\0\0\3\0>\0\1\0\0\0\0\"\0\0\0\0\0\0"..., 832) = 832
fstat(3, {st_mode=S_IFREG|0644, st_size=31680, ...}) = 0
mmap(NULL, 8192, PROT_READ|PROT_WRITE, MAP_PRIVATE|MAP_ANONYMOUS, -1, 0) = 0x7f44a6690000
mmap(NULL, 2128864, PROT_READ|PROT_EXEC, MAP_PRIVATE|MAP_DENYWRITE, 3, 0) = 0x7f44a6278000
mprotect(0x7f44a627f000, 2093056, PROT_NONE) = 0
mmap(0x7f44a647e000, 8192, PROT_READ|PROT_WRITE, MAP_PRIVATE|MAP_FIXED|MAP_DENYWRITE, 3, 0x6000) = 0x7f44a647e000
close(3)                                = 0
access("/etc/ld.so.nohwcap", F_OK)      = -1 ENOENT (No such file or directory)
openat(AT_FDCWD, "/lib/x86_64-linux-gnu/libpthread.so.0", O_RDONLY|O_CLOEXEC) = 3
read(3, "\177ELF\2\1\1\0\0\0\0\0\0\0\0\0\3\0>\0\1\0\0\0000b\0\0\0\0\0\0"..., 832) = 832
fstat(3, {st_mode=S_IFREG|0755, st_size=144976, ...}) = 0
mmap(NULL, 2221184, PROT_READ|PROT_EXEC, MAP_PRIVATE|MAP_DENYWRITE, 3, 0) = 0x7f44a6059000
mprotect(0x7f44a6073000, 2093056, PROT_NONE) = 0
mmap(0x7f44a6272000, 8192, PROT_READ|PROT_WRITE, MAP_PRIVATE|MAP_FIXED|MAP_DENYWRITE, 3, 0x19000) = 0x7f44a6272000
mmap(0x7f44a6274000, 13440, PROT_READ|PROT_WRITE, MAP_PRIVATE|MAP_FIXED|MAP_ANONYMOUS, -1, 0) = 0x7f44a6274000
close(3)                                = 0
access("/etc/ld.so.nohwcap", F_OK)      = -1 ENOENT (No such file or directory)
openat(AT_FDCWD, "/lib/x86_64-linux-gnu/libc.so.6", O_RDONLY|O_CLOEXEC) = 3
read(3, "\177ELF\2\1\1\3\0\0\0\0\0\0\0\0\3\0>\0\1\0\0\0\260\34\2\0\0\0\0\0"..., 832) = 832
fstat(3, {st_mode=S_IFREG|0755, st_size=2030544, ...}) = 0
mmap(NULL, 4131552, PROT_READ|PROT_EXEC, MAP_PRIVATE|MAP_DENYWRITE, 3, 0) = 0x7f44a5c68000
mprotect(0x7f44a5e4f000, 2097152, PROT_NONE) = 0
mmap(0x7f44a604f000, 24576, PROT_READ|PROT_WRITE, MAP_PRIVATE|MAP_FIXED|MAP_DENYWRITE, 3, 0x1e7000) = 0x7f44a604f000
mmap(0x7f44a6055000, 15072, PROT_READ|PROT_WRITE, MAP_PRIVATE|MAP_FIXED|MAP_ANONYMOUS, -1, 0) = 0x7f44a6055000
close(3)                                = 0
mmap(NULL, 12288, PROT_READ|PROT_WRITE, MAP_PRIVATE|MAP_ANONYMOUS, -1, 0) = 0x7f44a668d000
arch_prctl(ARCH_SET_FS, 0x7f44a668d740) = 0
mprotect(0x7f44a604f000, 16384, PROT_READ) = 0
mprotect(0x7f44a6272000, 4096, PROT_READ) = 0
mprotect(0x7f44a647e000, 4096, PROT_READ) = 0
mprotect(0x558600805000, 4096, PROT_READ) = 0
mprotect(0x7f44a66a7000, 4096, PROT_READ) = 0
munmap(0x7f44a6692000, 85786)           = 0
set_tid_address(0x7f44a668da10)         = 1183
set_robust_list(0x7f44a668da20, 24)     = 0
rt_sigaction(SIGRTMIN, {sa_handler=0x7f44a605ecb0, sa_mask=[], sa_flags=SA_RESTORER|SA_SIGINFO, sa_restorer=0x7f44a606b8a0}, NULL, 8) = 0
rt_sigaction(SIGRT_1, {sa_handler=0x7f44a605ed50, sa_mask=[], sa_flags=SA_RESTORER|SA_RESTART|SA_SIGINFO, sa_restorer=0x7f44a606b8a0}, NULL, 8) = 0
rt_sigprocmask(SIG_UNBLOCK, [RTMIN RT_1], NULL, 8) = 0
prlimit64(0, RLIMIT_STACK, NULL, {rlim_cur=8192*1024, rlim_max=RLIM64_INFINITY}) = 0
uname({sysname="Linux", nodename="Jonggyu-linux", ...}) = 0
getpid()                                = 1183
brk(NULL)                               = 0x558601adc000
brk(0x558601afd000)                     = 0x558601afd000
openat(AT_FDCWD, "/etc/localtime", O_RDONLY|O_CLOEXEC) = 3
fstat(3, {st_mode=S_IFREG|0644, st_size=659, ...}) = 0
fstat(3, {st_mode=S_IFREG|0644, st_size=659, ...}) = 0
read(3, "TZif2\0\0\0\0\0\0\0\0\0\0\0\0\0\0\0\0\0\0\7\0\0\0\7\0\0\0\0"..., 4096) = 659
lseek(3, -393, SEEK_CUR)                = 266
read(3, "TZif2\0\0\0\0\0\0\0\0\0\0\0\0\0\0\0\0\0\0\7\0\0\0\7\0\0\0\0"..., 4096) = 393
close(3)                                = 0
rt_sigaction(SIGINT, {sa_handler=0x5586005c60c0, sa_mask=[INT], sa_flags=SA_RESTORER|SA_RESTART, sa_restorer=0x7f44a5ca6fd0}, {sa_handler=SIG_DFL, sa_mask=[], sa_flags=0}, 8) = 0
rt_sigaction(SIGTERM, {sa_handler=0x5586005c60c0, sa_mask=[TERM], sa_flags=SA_RESTORER|SA_RESTART, sa_restorer=0x7f44a5ca6fd0}, {sa_handler=SIG_DFL, sa_mask=[], sa_flags=0}, 8) = 0
mmap(NULL, 18878464, PROT_READ|PROT_WRITE, MAP_PRIVATE|MAP_ANONYMOUS, -1, 0) = 0x7f44a4a67000
mmap(NULL, 18878464, PROT_READ|PROT_WRITE, MAP_PRIVATE|MAP_ANONYMOUS, -1, 0) = 0x7f44a3866000
write(1, "\tIozone: Performance Test of Fil"..., 38	Iozone: Performance Test of File I/O
) = 38
write(1, "\t        Version $Revision: 3.42"..., 64	        Version $Revision: 3.429 $
		Compiled for 64 bit mode.
) = 64
write(1, "\t\tBuild: linux-AMD64 \n\n", 23		Build: linux-AMD64 

) = 23
write(1, "\tContributors:William Norcott, D"..., 71	Contributors:William Norcott, Don Capps, Isom Crawford, Kirby Collins
) = 71
write(1, "\t             Al Slater, Scott R"..., 60	             Al Slater, Scott Rhine, Mike Wisner, Ken Goss
) = 60
write(1, "\t             Steve Landherr, Br"..., 69	             Steve Landherr, Brad Smith, Mark Kelly, Dr. Alain CYR,
) = 69
write(1, "\t             Randy Dunlap, Mark"..., 71	             Randy Dunlap, Mark Montague, Dan Million, Gavin Brebner,
) = 71
write(1, "\t             Jean-Marc Zucconi,"..., 74	             Jean-Marc Zucconi, Jeff Blomberg, Benny Halevy, Dave Boone,
) = 74
write(1, "\t             Erik Habbinga, Kri"..., 70	             Erik Habbinga, Kris Strecker, Walter Wong, Joshua Root,
) = 70
write(1, "\t             Fabrice Bacchella,"..., 70	             Fabrice Bacchella, Zhenghua Xue, Qin Li, Darren Sawyer,
) = 70
write(1, "\t             Vangel Bojaxhi, Be"..., 59	             Vangel Bojaxhi, Ben England, Vikentsi Lapa.

) = 59
write(1, "\tRun began: Mon Oct  5 17:57:10 "..., 38	Run began: Mon Oct  5 17:57:10 2020

) = 38
write(1, "\tRecord Size 128 kB\n", 20	Record Size 128 kB
)  = 20
write(1, "\tO_DIRECT feature enabled\n", 26	O_DIRECT feature enabled
) = 26
write(1, "\tSetting no_unlink\n", 19	Setting no_unlink
)   = 19
write(1, "\tNo retest option selected\n", 27	No retest option selected
) = 27
write(1, "\tFile size set to 10240 kB\n", 27	File size set to 10240 kB
) = 27
write(1, "\tCommand line used:", 19	Command line used:)    = 19
write(1, " iozone", 7 iozone)                  = 7
write(1, " -i", 3 -i)                      = 3
write(1, " 2", 2 2)                       = 2
write(1, " -f", 3 -f)                      = 3
write(1, " /mnt/1", 7 /mnt/1)                  = 7
write(1, " -r", 3 -r)                      = 3
write(1, " 128k", 5 128k)                    = 5
write(1, " -I", 3 -I)                      = 3
write(1, " -w", 3 -w)                      = 3
write(1, " -+n", 4 -+n)                     = 4
write(1, " -s", 3 -s)                      = 3
write(1, " 10m", 4 10m)                     = 4
write(1, "\n", 1
)                       = 1
write(1, "\tOutput is in kBytes/sec", 24	Output is in kBytes/sec) = 24
write(1, "\n", 1
)                       = 1
write(1, "\tTime Resolution = 0.000001 seco"..., 37	Time Resolution = 0.000001 seconds.
) = 37
write(1, "\tProcessor cache size set to 102"..., 42	Processor cache size set to 1024 kBytes.
) = 42
write(1, "\tProcessor cache line size set t"..., 44	Processor cache line size set to 32 bytes.
) = 44
write(1, "\tFile stride size set to 17 * re"..., 43	File stride size set to 17 * record size.
) = 43
write(1, "                                "..., 144                                                              random    random     bkwd    record    stride                                    
) = 144
write(1, "              kB  reclen    writ"..., 144              kB  reclen    write  rewrite    read    reread    read     write     read   rewrite      read   fwrite frewrite    fread  freread
) = 144
sync()                                  = 0
sync()                                  = 0
write(1, "           10240", 16           10240)        = 16
write(1, "     128", 8     128)                 = 8
write(1, "                ", 16                )        = 16
write(1, "                  ", 18                  )      = 18
openat(AT_FDCWD, "/mnt/1", O_RDWR|O_CREAT|O_DIRECT, 0640) = 3
lseek(3, 393216, SEEK_SET)              = 393216
read(3, "\333\333\333\333\333\333\333\333\0\0\0\0\0\0\0\0\0\0\0\0\0\0\0\0\0\0\0\0\0\0\0\0"..., 131072) = 131072
lseek(3, 8388608, SEEK_SET)             = 8388608
read(3, "\333\333\333\333\333\333\333\333\0\0\0\0\0\0\0\0\0\0\0\0\0\0\0\0\0\0\0\0\0\0\0\0"..., 131072) = 131072
lseek(3, 655360, SEEK_SET)              = 655360
read(3, "\333\333\333\333\333\333\333\333\0\0\0\0\0\0\0\0\0\0\0\0\0\0\0\0\0\0\0\0\0\0\0\0"..., 131072) = 131072
lseek(3, 0, SEEK_SET)                   = 0
read(3, "\333\333\333\333\333\333\333\333\0\0\0\0\0\0\0\0\0\0\0\0\0\0\0\0\0\0\0\0\0\0\0\0"..., 131072) = 131072
lseek(3, 4194304, SEEK_SET)             = 4194304
read(3, "\333\333\333\333\333\333\333\333\0\0\0\0\0\0\0\0\0\0\0\0\0\0\0\0\0\0\0\0\0\0\0\0"..., 131072) = 131072
lseek(3, 8912896, SEEK_SET)             = 8912896
read(3, "\333\333\333\333\333\333\333\333\0\0\0\0\0\0\0\0\0\0\0\0\0\0\0\0\0\0\0\0\0\0\0\0"..., 131072) = 131072
lseek(3, 5505024, SEEK_SET)             = 5505024
read(3, "\333\333\333\333\333\333\333\333\0\0\0\0\0\0\0\0\0\0\0\0\0\0\0\0\0\0\0\0\0\0\0\0"..., 131072) = 131072
lseek(3, 9175040, SEEK_SET)             = 9175040
read(3, "\333\333\333\333\333\333\333\333\0\0\0\0\0\0\0\0\0\0\0\0\0\0\0\0\0\0\0\0\0\0\0\0"..., 131072) = 131072
lseek(3, 3670016, SEEK_SET)             = 3670016
read(3, "\333\333\333\333\333\333\333\333\0\0\0\0\0\0\0\0\0\0\0\0\0\0\0\0\0\0\0\0\0\0\0\0"..., 131072) = 131072
lseek(3, 2490368, SEEK_SET)             = 2490368
read(3, "\333\333\333\333\333\333\333\333\0\0\0\0\0\0\0\0\0\0\0\0\0\0\0\0\0\0\0\0\0\0\0\0"..., 131072) = 131072
lseek(3, 1835008, SEEK_SET)             = 1835008
read(3, "\333\333\333\333\333\333\333\333\0\0\0\0\0\0\0\0\0\0\0\0\0\0\0\0\0\0\0\0\0\0\0\0"..., 131072) = 131072
lseek(3, 2228224, SEEK_SET)             = 2228224
read(3, "\333\333\333\333\333\333\333\333\0\0\0\0\0\0\0\0\0\0\0\0\0\0\0\0\0\0\0\0\0\0\0\0"..., 131072) = 131072
lseek(3, 8126464, SEEK_SET)             = 8126464
read(3, "\333\333\333\333\333\333\333\333\0\0\0\0\0\0\0\0\0\0\0\0\0\0\0\0\0\0\0\0\0\0\0\0"..., 131072) = 131072
lseek(3, 7340032, SEEK_SET)             = 7340032
read(3, "\333\333\333\333\333\333\333\333\0\0\0\0\0\0\0\0\0\0\0\0\0\0\0\0\0\0\0\0\0\0\0\0"..., 131072) = 131072
lseek(3, 6553600, SEEK_SET)             = 6553600
read(3, "\333\333\333\333\333\333\333\333\0\0\0\0\0\0\0\0\0\0\0\0\0\0\0\0\0\0\0\0\0\0\0\0"..., 131072) = 131072
lseek(3, 6946816, SEEK_SET)             = 6946816
read(3, "\333\333\333\333\333\333\333\333\0\0\0\0\0\0\0\0\0\0\0\0\0\0\0\0\0\0\0\0\0\0\0\0"..., 131072) = 131072
lseek(3, 1572864, SEEK_SET)             = 1572864
read(3, "\333\333\333\333\333\333\333\333\0\0\0\0\0\0\0\0\0\0\0\0\0\0\0\0\0\0\0\0\0\0\0\0"..., 131072) = 131072
lseek(3, 1703936, SEEK_SET)             = 1703936
read(3, "\333\333\333\333\333\333\333\333\0\0\0\0\0\0\0\0\0\0\0\0\0\0\0\0\0\0\0\0\0\0\0\0"..., 131072) = 131072
lseek(3, 1048576, SEEK_SET)             = 1048576
read(3, "\333\333\333\333\333\333\333\333\0\0\0\0\0\0\0\0\0\0\0\0\0\0\0\0\0\0\0\0\0\0\0\0"..., 131072) = 131072
lseek(3, 4325376, SEEK_SET)             = 4325376
read(3, "\333\333\333\333\333\333\333\333\0\0\0\0\0\0\0\0\0\0\0\0\0\0\0\0\0\0\0\0\0\0\0\0"..., 131072) = 131072
lseek(3, 2752512, SEEK_SET)             = 2752512
read(3, "\333\333\333\333\333\333\333\333\0\0\0\0\0\0\0\0\0\0\0\0\0\0\0\0\0\0\0\0\0\0\0\0"..., 131072) = 131072
lseek(3, 9043968, SEEK_SET)             = 9043968
read(3, "\333\333\333\333\333\333\333\333\0\0\0\0\0\0\0\0\0\0\0\0\0\0\0\0\0\0\0\0\0\0\0\0"..., 131072) = 131072
lseek(3, 7077888, SEEK_SET)             = 7077888
read(3, "\333\333\333\333\333\333\333\333\0\0\0\0\0\0\0\0\0\0\0\0\0\0\0\0\0\0\0\0\0\0\0\0"..., 131072) = 131072
lseek(3, 9961472, SEEK_SET)             = 9961472
read(3, "\333\333\333\333\333\333\333\333\0\0\0\0\0\0\0\0\0\0\0\0\0\0\0\0\0\0\0\0\0\0\0\0"..., 131072) = 131072
lseek(3, 7733248, SEEK_SET)             = 7733248
read(3, "\333\333\333\333\333\333\333\333\0\0\0\0\0\0\0\0\0\0\0\0\0\0\0\0\0\0\0\0\0\0\0\0"..., 131072) = 131072
lseek(3, 4849664, SEEK_SET)             = 4849664
read(3, "\333\333\333\333\333\333\333\333\0\0\0\0\0\0\0\0\0\0\0\0\0\0\0\0\0\0\0\0\0\0\0\0"..., 131072) = 131072
lseek(3, 9568256, SEEK_SET)             = 9568256
read(3, "\333\333\333\333\333\333\333\333\0\0\0\0\0\0\0\0\0\0\0\0\0\0\0\0\0\0\0\0\0\0\0\0"..., 131072) = 131072
lseek(3, 9437184, SEEK_SET)             = 9437184
read(3, "\333\333\333\333\333\333\333\333\0\0\0\0\0\0\0\0\0\0\0\0\0\0\0\0\0\0\0\0\0\0\0\0"..., 131072) = 131072
lseek(3, 3538944, SEEK_SET)             = 3538944
read(3, "\333\333\333\333\333\333\333\333\0\0\0\0\0\0\0\0\0\0\0\0\0\0\0\0\0\0\0\0\0\0\0\0"..., 131072) = 131072
lseek(3, 3407872, SEEK_SET)             = 3407872
read(3, "\333\333\333\333\333\333\333\333\0\0\0\0\0\0\0\0\0\0\0\0\0\0\0\0\0\0\0\0\0\0\0\0"..., 131072) = 131072
lseek(3, 2359296, SEEK_SET)             = 2359296
read(3, "\333\333\333\333\333\333\333\333\0\0\0\0\0\0\0\0\0\0\0\0\0\0\0\0\0\0\0\0\0\0\0\0"..., 131072) = 131072
lseek(3, 4063232, SEEK_SET)             = 4063232
read(3, "\333\333\333\333\333\333\333\333\0\0\0\0\0\0\0\0\0\0\0\0\0\0\0\0\0\0\0\0\0\0\0\0"..., 131072) = 131072
lseek(3, 3932160, SEEK_SET)             = 3932160
read(3, "\333\333\333\333\333\333\333\333\0\0\0\0\0\0\0\0\0\0\0\0\0\0\0\0\0\0\0\0\0\0\0\0"..., 131072) = 131072
lseek(3, 10354688, SEEK_SET)            = 10354688
read(3, "\333\333\333\333\333\333\333\333\0\0\0\0\0\0\0\0\0\0\0\0\0\0\0\0\0\0\0\0\0\0\0\0"..., 131072) = 131072
lseek(3, 5242880, SEEK_SET)             = 5242880
read(3, "\333\333\333\333\333\333\333\333\0\0\0\0\0\0\0\0\0\0\0\0\0\0\0\0\0\0\0\0\0\0\0\0"..., 131072) = 131072
lseek(3, 262144, SEEK_SET)              = 262144
read(3, "\333\333\333\333\333\333\333\333\0\0\0\0\0\0\0\0\0\0\0\0\0\0\0\0\0\0\0\0\0\0\0\0"..., 131072) = 131072
lseek(3, 7208960, SEEK_SET)             = 7208960
read(3, "\333\333\333\333\333\333\333\333\0\0\0\0\0\0\0\0\0\0\0\0\0\0\0\0\0\0\0\0\0\0\0\0"..., 131072) = 131072
lseek(3, 5898240, SEEK_SET)             = 5898240
read(3, "\333\333\333\333\333\333\333\333\0\0\0\0\0\0\0\0\0\0\0\0\0\0\0\0\0\0\0\0\0\0\0\0"..., 131072) = 131072
lseek(3, 9830400, SEEK_SET)             = 9830400
read(3, "\333\333\333\333\333\333\333\333\0\0\0\0\0\0\0\0\0\0\0\0\0\0\0\0\0\0\0\0\0\0\0\0"..., 131072) = 131072
lseek(3, 1179648, SEEK_SET)             = 1179648
read(3, "\333\333\333\333\333\333\333\333\0\0\0\0\0\0\0\0\0\0\0\0\0\0\0\0\0\0\0\0\0\0\0\0"..., 131072) = 131072
lseek(3, 917504, SEEK_SET)              = 917504
read(3, "\333\333\333\333\333\333\333\333\0\0\0\0\0\0\0\0\0\0\0\0\0\0\0\0\0\0\0\0\0\0\0\0"..., 131072) = 131072
lseek(3, 9306112, SEEK_SET)             = 9306112
read(3, "\333\333\333\333\333\333\333\333\0\0\0\0\0\0\0\0\0\0\0\0\0\0\0\0\0\0\0\0\0\0\0\0"..., 131072) = 131072
lseek(3, 6422528, SEEK_SET)             = 6422528
read(3, "\333\333\333\333\333\333\333\333\0\0\0\0\0\0\0\0\0\0\0\0\0\0\0\0\0\0\0\0\0\0\0\0"..., 131072) = 131072
lseek(3, 3014656, SEEK_SET)             = 3014656
read(3, "\333\333\333\333\333\333\333\333\0\0\0\0\0\0\0\0\0\0\0\0\0\0\0\0\0\0\0\0\0\0\0\0"..., 131072) = 131072
lseek(3, 9699328, SEEK_SET)             = 9699328
read(3, "\333\333\333\333\333\333\333\333\0\0\0\0\0\0\0\0\0\0\0\0\0\0\0\0\0\0\0\0\0\0\0\0"..., 131072) = 131072
lseek(3, 7602176, SEEK_SET)             = 7602176
read(3, "\333\333\333\333\333\333\333\333\0\0\0\0\0\0\0\0\0\0\0\0\0\0\0\0\0\0\0\0\0\0\0\0"..., 131072) = 131072
lseek(3, 5636096, SEEK_SET)             = 5636096
read(3, "\333\333\333\333\333\333\333\333\0\0\0\0\0\0\0\0\0\0\0\0\0\0\0\0\0\0\0\0\0\0\0\0"..., 131072) = 131072
lseek(3, 6291456, SEEK_SET)             = 6291456
read(3, "\333\333\333\333\333\333\333\333\0\0\0\0\0\0\0\0\0\0\0\0\0\0\0\0\0\0\0\0\0\0\0\0"..., 131072) = 131072
lseek(3, 8650752, SEEK_SET)             = 8650752
read(3, "\333\333\333\333\333\333\333\333\0\0\0\0\0\0\0\0\0\0\0\0\0\0\0\0\0\0\0\0\0\0\0\0"..., 131072) = 131072
lseek(3, 6029312, SEEK_SET)             = 6029312
read(3, "\333\333\333\333\333\333\333\333\0\0\0\0\0\0\0\0\0\0\0\0\0\0\0\0\0\0\0\0\0\0\0\0"..., 131072) = 131072
lseek(3, 2621440, SEEK_SET)             = 2621440
read(3, "\333\333\333\333\333\333\333\333\0\0\0\0\0\0\0\0\0\0\0\0\0\0\0\0\0\0\0\0\0\0\0\0"..., 131072) = 131072
lseek(3, 7864320, SEEK_SET)             = 7864320
read(3, "\333\333\333\333\333\333\333\333\0\0\0\0\0\0\0\0\0\0\0\0\0\0\0\0\0\0\0\0\0\0\0\0"..., 131072) = 131072
lseek(3, 3801088, SEEK_SET)             = 3801088
read(3, "\333\333\333\333\333\333\333\333\0\0\0\0\0\0\0\0\0\0\0\0\0\0\0\0\0\0\0\0\0\0\0\0"..., 131072) = 131072
lseek(3, 2883584, SEEK_SET)             = 2883584
read(3, "\333\333\333\333\333\333\333\333\0\0\0\0\0\0\0\0\0\0\0\0\0\0\0\0\0\0\0\0\0\0\0\0"..., 131072) = 131072
lseek(3, 3276800, SEEK_SET)             = 3276800
read(3, "\333\333\333\333\333\333\333\333\0\0\0\0\0\0\0\0\0\0\0\0\0\0\0\0\0\0\0\0\0\0\0\0"..., 131072) = 131072
lseek(3, 7995392, SEEK_SET)             = 7995392
read(3, "\333\333\333\333\333\333\333\333\0\0\0\0\0\0\0\0\0\0\0\0\0\0\0\0\0\0\0\0\0\0\0\0"..., 131072) = 131072
lseek(3, 8519680, SEEK_SET)             = 8519680
read(3, "\333\333\333\333\333\333\333\333\0\0\0\0\0\0\0\0\0\0\0\0\0\0\0\0\0\0\0\0\0\0\0\0"..., 131072) = 131072
lseek(3, 2097152, SEEK_SET)             = 2097152
read(3, "\333\333\333\333\333\333\333\333\0\0\0\0\0\0\0\0\0\0\0\0\0\0\0\0\0\0\0\0\0\0\0\0"..., 131072) = 131072
lseek(3, 4456448, SEEK_SET)             = 4456448
read(3, "\333\333\333\333\333\333\333\333\0\0\0\0\0\0\0\0\0\0\0\0\0\0\0\0\0\0\0\0\0\0\0\0"..., 131072) = 131072
lseek(3, 3145728, SEEK_SET)             = 3145728
read(3, "\333\333\333\333\333\333\333\333\0\0\0\0\0\0\0\0\0\0\0\0\0\0\0\0\0\0\0\0\0\0\0\0"..., 131072) = 131072
lseek(3, 1441792, SEEK_SET)             = 1441792
read(3, "\333\333\333\333\333\333\333\333\0\0\0\0\0\0\0\0\0\0\0\0\0\0\0\0\0\0\0\0\0\0\0\0"..., 131072) = 131072
lseek(3, 1966080, SEEK_SET)             = 1966080
read(3, "\333\333\333\333\333\333\333\333\0\0\0\0\0\0\0\0\0\0\0\0\0\0\0\0\0\0\0\0\0\0\0\0"..., 131072) = 131072
lseek(3, 786432, SEEK_SET)              = 786432
read(3, "\333\333\333\333\333\333\333\333\0\0\0\0\0\0\0\0\0\0\0\0\0\0\0\0\0\0\0\0\0\0\0\0"..., 131072) = 131072
lseek(3, 131072, SEEK_SET)              = 131072
read(3, "\333\333\333\333\333\333\333\333\0\0\0\0\0\0\0\0\0\0\0\0\0\0\0\0\0\0\0\0\0\0\0\0"..., 131072) = 131072
lseek(3, 6684672, SEEK_SET)             = 6684672
read(3, "\333\333\333\333\333\333\333\333\0\0\0\0\0\0\0\0\0\0\0\0\0\0\0\0\0\0\0\0\0\0\0\0"..., 131072) = 131072
lseek(3, 524288, SEEK_SET)              = 524288
read(3, "\333\333\333\333\333\333\333\333\0\0\0\0\0\0\0\0\0\0\0\0\0\0\0\0\0\0\0\0\0\0\0\0"..., 131072) = 131072
lseek(3, 10092544, SEEK_SET)            = 10092544
read(3, "\333\333\333\333\333\333\333\333\0\0\0\0\0\0\0\0\0\0\0\0\0\0\0\0\0\0\0\0\0\0\0\0"..., 131072) = 131072
lseek(3, 5767168, SEEK_SET)             = 5767168
read(3, "\333\333\333\333\333\333\333\333\0\0\0\0\0\0\0\0\0\0\0\0\0\0\0\0\0\0\0\0\0\0\0\0"..., 131072) = 131072
lseek(3, 4587520, SEEK_SET)             = 4587520
read(3, "\333\333\333\333\333\333\333\333\0\0\0\0\0\0\0\0\0\0\0\0\0\0\0\0\0\0\0\0\0\0\0\0"..., 131072) = 131072
lseek(3, 5111808, SEEK_SET)             = 5111808
read(3, "\333\333\333\333\333\333\333\333\0\0\0\0\0\0\0\0\0\0\0\0\0\0\0\0\0\0\0\0\0\0\0\0"..., 131072) = 131072
lseek(3, 6160384, SEEK_SET)             = 6160384
read(3, "\333\333\333\333\333\333\333\333\0\0\0\0\0\0\0\0\0\0\0\0\0\0\0\0\0\0\0\0\0\0\0\0"..., 131072) = 131072
lseek(3, 4980736, SEEK_SET)             = 4980736
read(3, "\333\333\333\333\333\333\333\333\0\0\0\0\0\0\0\0\0\0\0\0\0\0\0\0\0\0\0\0\0\0\0\0"..., 131072) = 131072
lseek(3, 6815744, SEEK_SET)             = 6815744
read(3, "\333\333\333\333\333\333\333\333\0\0\0\0\0\0\0\0\0\0\0\0\0\0\0\0\0\0\0\0\0\0\0\0"..., 131072) = 131072
lseek(3, 7471104, SEEK_SET)             = 7471104
read(3, "\333\333\333\333\333\333\333\333\0\0\0\0\0\0\0\0\0\0\0\0\0\0\0\0\0\0\0\0\0\0\0\0"..., 131072) = 131072
lseek(3, 1310720, SEEK_SET)             = 1310720
read(3, "\333\333\333\333\333\333\333\333\0\0\0\0\0\0\0\0\0\0\0\0\0\0\0\0\0\0\0\0\0\0\0\0"..., 131072) = 131072
lseek(3, 8257536, SEEK_SET)             = 8257536
read(3, "\333\333\333\333\333\333\333\333\0\0\0\0\0\0\0\0\0\0\0\0\0\0\0\0\0\0\0\0\0\0\0\0"..., 131072) = 131072
lseek(3, 4718592, SEEK_SET)             = 4718592
read(3, "\333\333\333\333\333\333\333\333\0\0\0\0\0\0\0\0\0\0\0\0\0\0\0\0\0\0\0\0\0\0\0\0"..., 131072) = 131072
lseek(3, 10223616, SEEK_SET)            = 10223616
read(3, "\333\333\333\333\333\333\333\333\0\0\0\0\0\0\0\0\0\0\0\0\0\0\0\0\0\0\0\0\0\0\0\0"..., 131072) = 131072
lseek(3, 8781824, SEEK_SET)             = 8781824
read(3, "\333\333\333\333\333\333\333\333\0\0\0\0\0\0\0\0\0\0\0\0\0\0\0\0\0\0\0\0\0\0\0\0"..., 131072) = 131072
lseek(3, 5373952, SEEK_SET)             = 5373952
read(3, "\333\333\333\333\333\333\333\333\0\0\0\0\0\0\0\0\0\0\0\0\0\0\0\0\0\0\0\0\0\0\0\0"..., 131072) = 131072
fsync(3)                                = 0
close(3)                                = 0
openat(AT_FDCWD, "/mnt/1", O_RDWR|O_CREAT|O_DIRECT, 0640) = 3
lseek(3, 393216, SEEK_SET)              = 393216
write(3, "\333\333\333\333\333\333\333\333\0\0\0\0\0\0\0\0\0\0\0\0\0\0\0\0\0\0\0\0\0\0\0\0"..., 131072) = 131072
lseek(3, 8388608, SEEK_SET)             = 8388608
write(3, "\333\333\333\333\333\333\333\333\0\0\0\0\0\0\0\0\0\0\0\0\0\0\0\0\0\0\0\0\0\0\0\0"..., 131072) = 131072
lseek(3, 655360, SEEK_SET)              = 655360
write(3, "\333\333\333\333\333\333\333\333\0\0\0\0\0\0\0\0\0\0\0\0\0\0\0\0\0\0\0\0\0\0\0\0"..., 131072) = 131072
lseek(3, 0, SEEK_SET)                   = 0
write(3, "\333\333\333\333\333\333\333\333\0\0\0\0\0\0\0\0\0\0\0\0\0\0\0\0\0\0\0\0\0\0\0\0"..., 131072) = 131072
lseek(3, 4194304, SEEK_SET)             = 4194304
write(3, "\333\333\333\333\333\333\333\333\0\0\0\0\0\0\0\0\0\0\0\0\0\0\0\0\0\0\0\0\0\0\0\0"..., 131072) = 131072
lseek(3, 8912896, SEEK_SET)             = 8912896
write(3, "\333\333\333\333\333\333\333\333\0\0\0\0\0\0\0\0\0\0\0\0\0\0\0\0\0\0\0\0\0\0\0\0"..., 131072) = 131072
lseek(3, 5505024, SEEK_SET)             = 5505024
write(3, "\333\333\333\333\333\333\333\333\0\0\0\0\0\0\0\0\0\0\0\0\0\0\0\0\0\0\0\0\0\0\0\0"..., 131072) = 131072
lseek(3, 9175040, SEEK_SET)             = 9175040
write(3, "\333\333\333\333\333\333\333\333\0\0\0\0\0\0\0\0\0\0\0\0\0\0\0\0\0\0\0\0\0\0\0\0"..., 131072) = 131072
lseek(3, 3670016, SEEK_SET)             = 3670016
write(3, "\333\333\333\333\333\333\333\333\0\0\0\0\0\0\0\0\0\0\0\0\0\0\0\0\0\0\0\0\0\0\0\0"..., 131072) = 131072
lseek(3, 2490368, SEEK_SET)             = 2490368
write(3, "\333\333\333\333\333\333\333\333\0\0\0\0\0\0\0\0\0\0\0\0\0\0\0\0\0\0\0\0\0\0\0\0"..., 131072) = 131072
lseek(3, 1835008, SEEK_SET)             = 1835008
write(3, "\333\333\333\333\333\333\333\333\0\0\0\0\0\0\0\0\0\0\0\0\0\0\0\0\0\0\0\0\0\0\0\0"..., 131072) = 131072
lseek(3, 2228224, SEEK_SET)             = 2228224
write(3, "\333\333\333\333\333\333\333\333\0\0\0\0\0\0\0\0\0\0\0\0\0\0\0\0\0\0\0\0\0\0\0\0"..., 131072) = 131072
lseek(3, 8126464, SEEK_SET)             = 8126464
write(3, "\333\333\333\333\333\333\333\333\0\0\0\0\0\0\0\0\0\0\0\0\0\0\0\0\0\0\0\0\0\0\0\0"..., 131072) = 131072
lseek(3, 7340032, SEEK_SET)             = 7340032
write(3, "\333\333\333\333\333\333\333\333\0\0\0\0\0\0\0\0\0\0\0\0\0\0\0\0\0\0\0\0\0\0\0\0"..., 131072) = 131072
lseek(3, 6553600, SEEK_SET)             = 6553600
write(3, "\333\333\333\333\333\333\333\333\0\0\0\0\0\0\0\0\0\0\0\0\0\0\0\0\0\0\0\0\0\0\0\0"..., 131072) = 131072
lseek(3, 6946816, SEEK_SET)             = 6946816
write(3, "\333\333\333\333\333\333\333\333\0\0\0\0\0\0\0\0\0\0\0\0\0\0\0\0\0\0\0\0\0\0\0\0"..., 131072) = 131072
lseek(3, 1572864, SEEK_SET)             = 1572864
write(3, "\333\333\333\333\333\333\333\333\0\0\0\0\0\0\0\0\0\0\0\0\0\0\0\0\0\0\0\0\0\0\0\0"..., 131072) = 131072
lseek(3, 1703936, SEEK_SET)             = 1703936
write(3, "\333\333\333\333\333\333\333\333\0\0\0\0\0\0\0\0\0\0\0\0\0\0\0\0\0\0\0\0\0\0\0\0"..., 131072) = 131072
lseek(3, 1048576, SEEK_SET)             = 1048576
write(3, "\333\333\333\333\333\333\333\333\0\0\0\0\0\0\0\0\0\0\0\0\0\0\0\0\0\0\0\0\0\0\0\0"..., 131072) = 131072
lseek(3, 4325376, SEEK_SET)             = 4325376
write(3, "\333\333\333\333\333\333\333\333\0\0\0\0\0\0\0\0\0\0\0\0\0\0\0\0\0\0\0\0\0\0\0\0"..., 131072) = 131072
lseek(3, 2752512, SEEK_SET)             = 2752512
write(3, "\333\333\333\333\333\333\333\333\0\0\0\0\0\0\0\0\0\0\0\0\0\0\0\0\0\0\0\0\0\0\0\0"..., 131072) = 131072
lseek(3, 9043968, SEEK_SET)             = 9043968
write(3, "\333\333\333\333\333\333\333\333\0\0\0\0\0\0\0\0\0\0\0\0\0\0\0\0\0\0\0\0\0\0\0\0"..., 131072) = 131072
lseek(3, 7077888, SEEK_SET)             = 7077888
write(3, "\333\333\333\333\333\333\333\333\0\0\0\0\0\0\0\0\0\0\0\0\0\0\0\0\0\0\0\0\0\0\0\0"..., 131072) = 131072
lseek(3, 9961472, SEEK_SET)             = 9961472
write(3, "\333\333\333\333\333\333\333\333\0\0\0\0\0\0\0\0\0\0\0\0\0\0\0\0\0\0\0\0\0\0\0\0"..., 131072) = 131072
lseek(3, 7733248, SEEK_SET)             = 7733248
write(3, "\333\333\333\333\333\333\333\333\0\0\0\0\0\0\0\0\0\0\0\0\0\0\0\0\0\0\0\0\0\0\0\0"..., 131072) = 131072
lseek(3, 4849664, SEEK_SET)             = 4849664
write(3, "\333\333\333\333\333\333\333\333\0\0\0\0\0\0\0\0\0\0\0\0\0\0\0\0\0\0\0\0\0\0\0\0"..., 131072) = 131072
lseek(3, 9568256, SEEK_SET)             = 9568256
write(3, "\333\333\333\333\333\333\333\333\0\0\0\0\0\0\0\0\0\0\0\0\0\0\0\0\0\0\0\0\0\0\0\0"..., 131072) = 131072
lseek(3, 9437184, SEEK_SET)             = 9437184
write(3, "\333\333\333\333\333\333\333\333\0\0\0\0\0\0\0\0\0\0\0\0\0\0\0\0\0\0\0\0\0\0\0\0"..., 131072) = 131072
lseek(3, 3538944, SEEK_SET)             = 3538944
write(3, "\333\333\333\333\333\333\333\333\0\0\0\0\0\0\0\0\0\0\0\0\0\0\0\0\0\0\0\0\0\0\0\0"..., 131072) = 131072
lseek(3, 3407872, SEEK_SET)             = 3407872
write(3, "\333\333\333\333\333\333\333\333\0\0\0\0\0\0\0\0\0\0\0\0\0\0\0\0\0\0\0\0\0\0\0\0"..., 131072) = 131072
lseek(3, 2359296, SEEK_SET)             = 2359296
write(3, "\333\333\333\333\333\333\333\333\0\0\0\0\0\0\0\0\0\0\0\0\0\0\0\0\0\0\0\0\0\0\0\0"..., 131072) = 131072
lseek(3, 4063232, SEEK_SET)             = 4063232
write(3, "\333\333\333\333\333\333\333\333\0\0\0\0\0\0\0\0\0\0\0\0\0\0\0\0\0\0\0\0\0\0\0\0"..., 131072) = 131072
lseek(3, 3932160, SEEK_SET)             = 3932160
write(3, "\333\333\333\333\333\333\333\333\0\0\0\0\0\0\0\0\0\0\0\0\0\0\0\0\0\0\0\0\0\0\0\0"..., 131072) = 131072
lseek(3, 10354688, SEEK_SET)            = 10354688
write(3, "\333\333\333\333\333\333\333\333\0\0\0\0\0\0\0\0\0\0\0\0\0\0\0\0\0\0\0\0\0\0\0\0"..., 131072) = 131072
lseek(3, 5242880, SEEK_SET)             = 5242880
write(3, "\333\333\333\333\333\333\333\333\0\0\0\0\0\0\0\0\0\0\0\0\0\0\0\0\0\0\0\0\0\0\0\0"..., 131072) = 131072
lseek(3, 262144, SEEK_SET)              = 262144
write(3, "\333\333\333\333\333\333\333\333\0\0\0\0\0\0\0\0\0\0\0\0\0\0\0\0\0\0\0\0\0\0\0\0"..., 131072) = 131072
lseek(3, 7208960, SEEK_SET)             = 7208960
write(3, "\333\333\333\333\333\333\333\333\0\0\0\0\0\0\0\0\0\0\0\0\0\0\0\0\0\0\0\0\0\0\0\0"..., 131072) = 131072
lseek(3, 5898240, SEEK_SET)             = 5898240
write(3, "\333\333\333\333\333\333\333\333\0\0\0\0\0\0\0\0\0\0\0\0\0\0\0\0\0\0\0\0\0\0\0\0"..., 131072) = 131072
lseek(3, 9830400, SEEK_SET)             = 9830400
write(3, "\333\333\333\333\333\333\333\333\0\0\0\0\0\0\0\0\0\0\0\0\0\0\0\0\0\0\0\0\0\0\0\0"..., 131072) = 131072
lseek(3, 1179648, SEEK_SET)             = 1179648
write(3, "\333\333\333\333\333\333\333\333\0\0\0\0\0\0\0\0\0\0\0\0\0\0\0\0\0\0\0\0\0\0\0\0"..., 131072) = 131072
lseek(3, 917504, SEEK_SET)              = 917504
write(3, "\333\333\333\333\333\333\333\333\0\0\0\0\0\0\0\0\0\0\0\0\0\0\0\0\0\0\0\0\0\0\0\0"..., 131072) = 131072
lseek(3, 9306112, SEEK_SET)             = 9306112
write(3, "\333\333\333\333\333\333\333\333\0\0\0\0\0\0\0\0\0\0\0\0\0\0\0\0\0\0\0\0\0\0\0\0"..., 131072) = 131072
lseek(3, 6422528, SEEK_SET)             = 6422528
write(3, "\333\333\333\333\333\333\333\333\0\0\0\0\0\0\0\0\0\0\0\0\0\0\0\0\0\0\0\0\0\0\0\0"..., 131072) = 131072
lseek(3, 3014656, SEEK_SET)             = 3014656
write(3, "\333\333\333\333\333\333\333\333\0\0\0\0\0\0\0\0\0\0\0\0\0\0\0\0\0\0\0\0\0\0\0\0"..., 131072) = 131072
lseek(3, 9699328, SEEK_SET)             = 9699328
write(3, "\333\333\333\333\333\333\333\333\0\0\0\0\0\0\0\0\0\0\0\0\0\0\0\0\0\0\0\0\0\0\0\0"..., 131072) = 131072
lseek(3, 7602176, SEEK_SET)             = 7602176
write(3, "\333\333\333\333\333\333\333\333\0\0\0\0\0\0\0\0\0\0\0\0\0\0\0\0\0\0\0\0\0\0\0\0"..., 131072) = 131072
lseek(3, 5636096, SEEK_SET)             = 5636096
write(3, "\333\333\333\333\333\333\333\333\0\0\0\0\0\0\0\0\0\0\0\0\0\0\0\0\0\0\0\0\0\0\0\0"..., 131072) = 131072
lseek(3, 6291456, SEEK_SET)             = 6291456
write(3, "\333\333\333\333\333\333\333\333\0\0\0\0\0\0\0\0\0\0\0\0\0\0\0\0\0\0\0\0\0\0\0\0"..., 131072) = 131072
lseek(3, 8650752, SEEK_SET)             = 8650752
write(3, "\333\333\333\333\333\333\333\333\0\0\0\0\0\0\0\0\0\0\0\0\0\0\0\0\0\0\0\0\0\0\0\0"..., 131072) = 131072
lseek(3, 6029312, SEEK_SET)             = 6029312
write(3, "\333\333\333\333\333\333\333\333\0\0\0\0\0\0\0\0\0\0\0\0\0\0\0\0\0\0\0\0\0\0\0\0"..., 131072) = 131072
lseek(3, 2621440, SEEK_SET)             = 2621440
write(3, "\333\333\333\333\333\333\333\333\0\0\0\0\0\0\0\0\0\0\0\0\0\0\0\0\0\0\0\0\0\0\0\0"..., 131072) = 131072
lseek(3, 7864320, SEEK_SET)             = 7864320
write(3, "\333\333\333\333\333\333\333\333\0\0\0\0\0\0\0\0\0\0\0\0\0\0\0\0\0\0\0\0\0\0\0\0"..., 131072) = 131072
lseek(3, 3801088, SEEK_SET)             = 3801088
write(3, "\333\333\333\333\333\333\333\333\0\0\0\0\0\0\0\0\0\0\0\0\0\0\0\0\0\0\0\0\0\0\0\0"..., 131072) = 131072
lseek(3, 2883584, SEEK_SET)             = 2883584
write(3, "\333\333\333\333\333\333\333\333\0\0\0\0\0\0\0\0\0\0\0\0\0\0\0\0\0\0\0\0\0\0\0\0"..., 131072) = 131072
lseek(3, 3276800, SEEK_SET)             = 3276800
write(3, "\333\333\333\333\333\333\333\333\0\0\0\0\0\0\0\0\0\0\0\0\0\0\0\0\0\0\0\0\0\0\0\0"..., 131072) = 131072
lseek(3, 7995392, SEEK_SET)             = 7995392
write(3, "\333\333\333\333\333\333\333\333\0\0\0\0\0\0\0\0\0\0\0\0\0\0\0\0\0\0\0\0\0\0\0\0"..., 131072) = 131072
lseek(3, 8519680, SEEK_SET)             = 8519680
write(3, "\333\333\333\333\333\333\333\333\0\0\0\0\0\0\0\0\0\0\0\0\0\0\0\0\0\0\0\0\0\0\0\0"..., 131072) = 131072
lseek(3, 2097152, SEEK_SET)             = 2097152
write(3, "\333\333\333\333\333\333\333\333\0\0\0\0\0\0\0\0\0\0\0\0\0\0\0\0\0\0\0\0\0\0\0\0"..., 131072) = 131072
lseek(3, 4456448, SEEK_SET)             = 4456448
write(3, "\333\333\333\333\333\333\333\333\0\0\0\0\0\0\0\0\0\0\0\0\0\0\0\0\0\0\0\0\0\0\0\0"..., 131072) = 131072
lseek(3, 3145728, SEEK_SET)             = 3145728
write(3, "\333\333\333\333\333\333\333\333\0\0\0\0\0\0\0\0\0\0\0\0\0\0\0\0\0\0\0\0\0\0\0\0"..., 131072) = 131072
lseek(3, 1441792, SEEK_SET)             = 1441792
write(3, "\333\333\333\333\333\333\333\333\0\0\0\0\0\0\0\0\0\0\0\0\0\0\0\0\0\0\0\0\0\0\0\0"..., 131072) = 131072
lseek(3, 1966080, SEEK_SET)             = 1966080
write(3, "\333\333\333\333\333\333\333\333\0\0\0\0\0\0\0\0\0\0\0\0\0\0\0\0\0\0\0\0\0\0\0\0"..., 131072) = 131072
lseek(3, 786432, SEEK_SET)              = 786432
write(3, "\333\333\333\333\333\333\333\333\0\0\0\0\0\0\0\0\0\0\0\0\0\0\0\0\0\0\0\0\0\0\0\0"..., 131072) = 131072
lseek(3, 131072, SEEK_SET)              = 131072
write(3, "\333\333\333\333\333\333\333\333\0\0\0\0\0\0\0\0\0\0\0\0\0\0\0\0\0\0\0\0\0\0\0\0"..., 131072) = 131072
lseek(3, 6684672, SEEK_SET)             = 6684672
write(3, "\333\333\333\333\333\333\333\333\0\0\0\0\0\0\0\0\0\0\0\0\0\0\0\0\0\0\0\0\0\0\0\0"..., 131072) = 131072
lseek(3, 524288, SEEK_SET)              = 524288
write(3, "\333\333\333\333\333\333\333\333\0\0\0\0\0\0\0\0\0\0\0\0\0\0\0\0\0\0\0\0\0\0\0\0"..., 131072) = 131072
lseek(3, 10092544, SEEK_SET)            = 10092544
write(3, "\333\333\333\333\333\333\333\333\0\0\0\0\0\0\0\0\0\0\0\0\0\0\0\0\0\0\0\0\0\0\0\0"..., 131072) = 131072
lseek(3, 5767168, SEEK_SET)             = 5767168
write(3, "\333\333\333\333\333\333\333\333\0\0\0\0\0\0\0\0\0\0\0\0\0\0\0\0\0\0\0\0\0\0\0\0"..., 131072) = 131072
lseek(3, 4587520, SEEK_SET)             = 4587520
write(3, "\333\333\333\333\333\333\333\333\0\0\0\0\0\0\0\0\0\0\0\0\0\0\0\0\0\0\0\0\0\0\0\0"..., 131072) = 131072
lseek(3, 5111808, SEEK_SET)             = 5111808
write(3, "\333\333\333\333\333\333\333\333\0\0\0\0\0\0\0\0\0\0\0\0\0\0\0\0\0\0\0\0\0\0\0\0"..., 131072) = 131072
lseek(3, 6160384, SEEK_SET)             = 6160384
write(3, "\333\333\333\333\333\333\333\333\0\0\0\0\0\0\0\0\0\0\0\0\0\0\0\0\0\0\0\0\0\0\0\0"..., 131072) = 131072
lseek(3, 4980736, SEEK_SET)             = 4980736
write(3, "\333\333\333\333\333\333\333\333\0\0\0\0\0\0\0\0\0\0\0\0\0\0\0\0\0\0\0\0\0\0\0\0"..., 131072) = 131072
lseek(3, 6815744, SEEK_SET)             = 6815744
write(3, "\333\333\333\333\333\333\333\333\0\0\0\0\0\0\0\0\0\0\0\0\0\0\0\0\0\0\0\0\0\0\0\0"..., 131072) = 131072
lseek(3, 7471104, SEEK_SET)             = 7471104
write(3, "\333\333\333\333\333\333\333\333\0\0\0\0\0\0\0\0\0\0\0\0\0\0\0\0\0\0\0\0\0\0\0\0"..., 131072) = 131072
lseek(3, 1310720, SEEK_SET)             = 1310720
write(3, "\333\333\333\333\333\333\333\333\0\0\0\0\0\0\0\0\0\0\0\0\0\0\0\0\0\0\0\0\0\0\0\0"..., 131072) = 131072
lseek(3, 8257536, SEEK_SET)             = 8257536
write(3, "\333\333\333\333\333\333\333\333\0\0\0\0\0\0\0\0\0\0\0\0\0\0\0\0\0\0\0\0\0\0\0\0"..., 131072) = 131072
lseek(3, 4718592, SEEK_SET)             = 4718592
write(3, "\333\333\333\333\333\333\333\333\0\0\0\0\0\0\0\0\0\0\0\0\0\0\0\0\0\0\0\0\0\0\0\0"..., 131072) = 131072
lseek(3, 10223616, SEEK_SET)            = 10223616
write(3, "\333\333\333\333\333\333\333\333\0\0\0\0\0\0\0\0\0\0\0\0\0\0\0\0\0\0\0\0\0\0\0\0"..., 131072) = 131072
lseek(3, 8781824, SEEK_SET)             = 8781824
write(3, "\333\333\333\333\333\333\333\333\0\0\0\0\0\0\0\0\0\0\0\0\0\0\0\0\0\0\0\0\0\0\0\0"..., 131072) = 131072
lseek(3, 5373952, SEEK_SET)             = 5373952
write(3, "\333\333\333\333\333\333\333\333\0\0\0\0\0\0\0\0\0\0\0\0\0\0\0\0\0\0\0\0\0\0\0\0"..., 131072) = 131072
fsync(3)                                = 0
close(3)                                = 0
write(1, "   155713", 9   155713)                = 9
write(1, "   193181", 9   193181)                = 9
write(1, "        ", 8        )                 = 8
write(1, "        ", 8        )                 = 8
write(1, "        ", 8        )                 = 8
write(1, "                  ", 18                  )      = 18
write(1, "                ", 16                )        = 16
write(1, "\n", 1
)                       = 1
write(1, "\niozone test complete.", 22
iozone test complete.) = 22
write(1, "\n", 1
)                       = 1
exit_group(0)                           = ?
+++ exited with 0 +++
